<?xml version="1.0" encoding="UTF-8"?>
<!-- Generated by org.testng.reporters.JUnitXMLReporter -->
<testsuite ignored="0" hostname="DESKTOP-7IK17HP" failures="0" tests="6" name="Test" time="0.275" errors="0" timestamp="2020-08-29T12:41:50 IST">
  <testcase classname="testng.concepts.Practise1_TestNG" name="newCourse" time="0.008"/>
  <testcase classname="testng.concepts.Practise1_TestNG" name="newCourseSec" time="0.009"/>
  <testcase classname="testng.concepts.Practise1_TestNG" name="testNgProgram" time="0.01"/>
  <testcase classname="testng.concepts.Practise2" name="newContent" time="0.001"/>
  <testcase classname="testng.concepts.Practise2" name="testNgProgram" time="0.01"/>
  <testcase classname="testng.concepts.Practise2" name="testNgProgramTwo" time="0.006"/>
</testsuite> <!-- Test -->
