<?xml version="1.0" encoding="UTF-8"?>
<!-- Generated by org.testng.reporters.JUnitXMLReporter -->
<testsuite ignored="2" hostname="DESKTOP-7IK17HP" failures="0" tests="1" name="Learning deatils" time="0.033" errors="0" timestamp="2020-08-31T17:17:59 IST">
  <testcase classname="testng.concepts.Practise2" name="newContent" time="0.005"/>
  <testcase classname="testng.concepts.Practise2" name="testNgProgram" time="0.0">
    <ignored/>
  </testcase> <!-- testNgProgram -->
  <testcase classname="testng.concepts.Practise2" name="testNgProgramTwo" time="0.0">
    <ignored/>
  </testcase> <!-- testNgProgramTwo -->
</testsuite> <!-- Learning deatils -->
