<?xml version="1.0" encoding="UTF-8"?>
<!-- Generated by org.testng.reporters.JUnitXMLReporter -->
<testsuite ignored="0" hostname="DESKTOP-7IK17HP" failures="0" tests="4" name="Command line test" time="0.165" errors="0" timestamp="2020-09-11T14:50:35 IST">
  <testcase classname="MavenPractise.MavenJavaExample.SeleniumExampleTest" name="browsertest" time="0.006"/>
  <testcase classname="MavenPractise.MavenJavaExample.SeleniumExampleTest" name="screenTest" time="0.001"/>
  <testcase classname="MavenPractise.MavenJavaExample.SeleniumMobileTest" name="mobileScreenTesingProduct" time="0.001"/>
  <testcase classname="MavenPractise.MavenJavaExample.SeleniumMobileTest" name="mobileTestingProduct" time="0.0"/>
</testsuite> <!-- Command line test -->
