<?xml version="1.0" encoding="UTF-8"?>
<testng-results ignored="0" total="1" passed="1" failed="0" skipped="0">
  <reporter-output>
  </reporter-output>
  <suite started-at="2020-09-24T12:25:27 IST" name="Default suite" finished-at="2020-09-24T12:25:50 IST" duration-ms="22589">
    <groups>
    </groups>
    <test started-at="2020-09-24T12:25:27 IST" name="Default test" finished-at="2020-09-24T12:25:50 IST" duration-ms="22589">
      <class name="MavenJenkinsEstablish.ExtentReportDemo">
        <test-method is-config="true" signature="extentSpark()[pri:0, instance:MavenJenkinsEstablish.ExtentReportDemo@6b26e945]" started-at="2020-09-24T12:25:27 IST" name="extentSpark" finished-at="2020-09-24T12:25:29 IST" duration-ms="1157" status="PASS">
          <reporter-output>
          </reporter-output>
        </test-method> <!-- extentSpark -->
        <test-method signature="extentrEportDemo()[pri:0, instance:MavenJenkinsEstablish.ExtentReportDemo@6b26e945]" started-at="2020-09-24T12:25:29 IST" name="extentrEportDemo" finished-at="2020-09-24T12:25:50 IST" duration-ms="21325" status="PASS">
          <reporter-output>
          </reporter-output>
        </test-method> <!-- extentrEportDemo -->
      </class> <!-- MavenJenkinsEstablish.ExtentReportDemo -->
    </test> <!-- Default test -->
  </suite> <!-- Default suite -->
</testng-results>
