<?xml version="1.0" encoding="UTF-8"?>
<!-- Generated by org.testng.reporters.JUnitXMLReporter -->
<testsuite ignored="1" hostname="DESKTOP-7IK17HP" failures="0" tests="2" name="BankDetails" time="0.257" errors="0" timestamp="2020-08-30T13:25:59 IST">
  <testcase classname="bank.loan.BankDetails" name="perosnalLoan" time="0.017"/>
  <testcase classname="bank.loan.PersonalDetails" name="familyDetails" time="0.002"/>
  <testcase classname="bank.loan.BankDetails" name="carLoan" time="0.0">
    <ignored/>
  </testcase> <!-- carLoan -->
</testsuite> <!-- BankDetails -->
