<?xml version="1.0" encoding="UTF-8"?>
<!-- Generated by org.testng.reporters.JUnitXMLReporter -->
<testsuite ignored="0" hostname="DESKTOP-7IK17HP" failures="0" tests="3" name="Test" time="0.229" errors="0" timestamp="2020-08-31T17:16:50 IST">
  <testcase classname="bank.loan.BankDetails" name="hobbies" time="0.021"/>
  <testcase classname="bank.loan.BankDetails" name="perosnalLoan" time="0.01"/>
  <testcase classname="bank.loan.BankDetails" name="carLoan" time="0.034"/>
</testsuite> <!-- Test -->
