<?xml version="1.0" encoding="UTF-8"?>
<testng-results ignored="0" total="4" passed="4" failed="0" skipped="0">
  <reporter-output>
  </reporter-output>
  <suite started-at="2020-10-30T16:16:50 IST" name="Suite" finished-at="2020-10-30T16:18:28 IST" duration-ms="98727">
    <groups>
    </groups>
    <test started-at="2020-10-30T16:16:50 IST" name="Login page verification" finished-at="2020-10-30T16:17:39 IST" duration-ms="49145">
      <class name="allConcepts.End2End.HomePage">
        <test-method is-config="true" signature="startTest()[pri:0, instance:allConcepts.End2End.HomePage@4f5991f6]" started-at="2020-10-30T16:16:50 IST" name="startTest" finished-at="2020-10-30T16:17:16 IST" duration-ms="26524" status="PASS">
          <reporter-output>
          </reporter-output>
        </test-method> <!-- startTest -->
        <test-method signature="toScreen(java.lang.String, java.lang.String)[pri:0, instance:allConcepts.End2End.HomePage@4f5991f6]" started-at="2020-10-30T16:17:16 IST" name="toScreen" data-provider="sendingData" finished-at="2020-10-30T16:17:29 IST" duration-ms="12837" status="PASS">
          <params>
            <param index="0">
              <value>
                <![CDATA[validuser@gamil.com]]>
              </value>
            </param>
            <param index="1">
              <value>
                <![CDATA[1st user]]>
              </value>
            </param>
          </params>
          <reporter-output>
          </reporter-output>
        </test-method> <!-- toScreen -->
        <test-method signature="toScreen(java.lang.String, java.lang.String)[pri:0, instance:allConcepts.End2End.HomePage@4f5991f6]" started-at="2020-10-30T16:17:29 IST" name="toScreen" data-provider="sendingData" finished-at="2020-10-30T16:17:32 IST" duration-ms="3341" status="PASS">
          <params>
            <param index="0">
              <value>
                <![CDATA[invaliduser@gamil.com]]>
              </value>
            </param>
            <param index="1">
              <value>
                <![CDATA[2nd user]]>
              </value>
            </param>
          </params>
          <reporter-output>
          </reporter-output>
        </test-method> <!-- toScreen -->
        <test-method is-config="true" signature="browserClose()[pri:0, instance:allConcepts.End2End.HomePage@4f5991f6]" started-at="2020-10-30T16:17:32 IST" name="browserClose" finished-at="2020-10-30T16:17:39 IST" duration-ms="6247" status="PASS">
          <reporter-output>
          </reporter-output>
        </test-method> <!-- browserClose -->
      </class> <!-- allConcepts.End2End.HomePage -->
    </test> <!-- Login page verification -->
    <test started-at="2020-10-30T16:17:39 IST" name="Navigation bar display check" finished-at="2020-10-30T16:18:01 IST" duration-ms="22213">
      <class name="allConcepts.End2End.ValidateNavigatorDisplay">
        <test-method is-config="true" signature="startTest()[pri:0, instance:allConcepts.End2End.ValidateNavigatorDisplay@39a2bb97]" started-at="2020-10-30T16:17:39 IST" name="startTest" finished-at="2020-10-30T16:17:59 IST" duration-ms="20075" status="PASS">
          <reporter-output>
          </reporter-output>
        </test-method> <!-- startTest -->
        <test-method signature="titleValidate()[pri:0, instance:allConcepts.End2End.ValidateNavigatorDisplay@39a2bb97]" started-at="2020-10-30T16:17:59 IST" name="titleValidate" finished-at="2020-10-30T16:18:01 IST" duration-ms="2081" status="PASS">
          <reporter-output>
          </reporter-output>
        </test-method> <!-- titleValidate -->
        <test-method is-config="true" signature="browserClose()[pri:0, instance:allConcepts.End2End.ValidateNavigatorDisplay@39a2bb97]" started-at="2020-10-30T16:18:01 IST" name="browserClose" finished-at="2020-10-30T16:18:01 IST" duration-ms="34" status="FAIL">
          <exception class="org.openqa.selenium.NoSuchSessionException">
            <message>
              <![CDATA[Tried to run command without establishing a connection
Build info: version: '4.0.0-alpha-6', revision: '5f43a29cfc'
System info: host: 'DESKTOP-7IK17HP', ip: '192.168.0.122', os.name: 'Windows 10', os.arch: 'amd64', os.version: '10.0', java.version: '14.0.1'
Driver info: org.openqa.selenium.firefox.FirefoxDriver
Capabilities {acceptInsecureCerts: true, browserName: firefox, browserVersion: 81.0.2, javascriptEnabled: true, moz:accessibilityChecks: false, moz:buildID: 20201012085804, moz:geckodriverVersion: 0.27.0, moz:headless: false, moz:processID: 10964, moz:profile: C:\Users\PARANTHAMAN GEETHA..., moz:shutdownTimeout: 60000, moz:useNonSpecCompliantPointerOrigin: false, moz:webdriverClick: true, pageLoadStrategy: normal, platform: WINDOWS, platformName: WINDOWS, platformVersion: 10.0, rotatable: false, setWindowRect: true, strictFileInteractability: false, timeouts: {implicit: 0, pageLoad: 300000, script: 30000}, unhandledPromptBehavior: dismiss and notify}
Session ID: 150e86be-2286-4a99-bcce-8238638c1981]]>
            </message>
            <full-stacktrace>
              <![CDATA[org.openqa.selenium.NoSuchSessionException: Tried to run command without establishing a connection
Build info: version: '4.0.0-alpha-6', revision: '5f43a29cfc'
System info: host: 'DESKTOP-7IK17HP', ip: '192.168.0.122', os.name: 'Windows 10', os.arch: 'amd64', os.version: '10.0', java.version: '14.0.1'
Driver info: org.openqa.selenium.firefox.FirefoxDriver
Capabilities {acceptInsecureCerts: true, browserName: firefox, browserVersion: 81.0.2, javascriptEnabled: true, moz:accessibilityChecks: false, moz:buildID: 20201012085804, moz:geckodriverVersion: 0.27.0, moz:headless: false, moz:processID: 10964, moz:profile: C:\Users\PARANTHAMAN GEETHA..., moz:shutdownTimeout: 60000, moz:useNonSpecCompliantPointerOrigin: false, moz:webdriverClick: true, pageLoadStrategy: normal, platform: WINDOWS, platformName: WINDOWS, platformVersion: 10.0, rotatable: false, setWindowRect: true, strictFileInteractability: false, timeouts: {implicit: 0, pageLoad: 300000, script: 30000}, unhandledPromptBehavior: dismiss and notify}
Session ID: 150e86be-2286-4a99-bcce-8238638c1981
at java.base/jdk.internal.reflect.NativeConstructorAccessorImpl.newInstance0(Native Method)
at java.base/jdk.internal.reflect.NativeConstructorAccessorImpl.newInstance(NativeConstructorAccessorImpl.java:62)
at java.base/jdk.internal.reflect.DelegatingConstructorAccessorImpl.newInstance(DelegatingConstructorAccessorImpl.java:45)
at java.base/java.lang.reflect.Constructor.newInstanceWithCaller(Constructor.java:500)
at java.base/java.lang.reflect.Constructor.newInstance(Constructor.java:481)
at org.openqa.selenium.remote.codec.w3c.W3CHttpResponseCodec.createException(W3CHttpResponseCodec.java:196)
at org.openqa.selenium.remote.codec.w3c.W3CHttpResponseCodec.decode(W3CHttpResponseCodec.java:129)
at org.openqa.selenium.remote.codec.w3c.W3CHttpResponseCodec.decode(W3CHttpResponseCodec.java:53)
at org.openqa.selenium.remote.HttpCommandExecutor.execute(HttpCommandExecutor.java:160)
at org.openqa.selenium.remote.service.DriverCommandExecutor.execute(DriverCommandExecutor.java:83)
at org.openqa.selenium.remote.RemoteWebDriver.execute(RemoteWebDriver.java:582)
at org.openqa.selenium.remote.RemoteWebDriver.execute(RemoteWebDriver.java:639)
at org.openqa.selenium.remote.RemoteWebDriver.execute(RemoteWebDriver.java:643)
at org.openqa.selenium.remote.RemoteWebDriver.close(RemoteWebDriver.java:468)
at allConcepts.End2End.ValidateNavigatorDisplay.browserClose(ValidateNavigatorDisplay.java:42)
at java.base/jdk.internal.reflect.NativeMethodAccessorImpl.invoke0(Native Method)
at java.base/jdk.internal.reflect.NativeMethodAccessorImpl.invoke(NativeMethodAccessorImpl.java:62)
at java.base/jdk.internal.reflect.DelegatingMethodAccessorImpl.invoke(DelegatingMethodAccessorImpl.java:43)
at java.base/java.lang.reflect.Method.invoke(Method.java:564)
at org.testng.internal.MethodInvocationHelper.invokeMethod(MethodInvocationHelper.java:132)
at org.testng.internal.MethodInvocationHelper.invokeMethodConsideringTimeout(MethodInvocationHelper.java:61)
at org.testng.internal.ConfigInvoker.invokeConfigurationMethod(ConfigInvoker.java:366)
at org.testng.internal.ConfigInvoker.invokeConfigurations(ConfigInvoker.java:320)
at org.testng.TestRunner.invokeTestConfigurations(TestRunner.java:617)
at org.testng.TestRunner.afterRun(TestRunner.java:847)
at org.testng.TestRunner.run(TestRunner.java:588)
at org.testng.SuiteRunner.runTest(SuiteRunner.java:384)
at org.testng.SuiteRunner.runSequentially(SuiteRunner.java:378)
at org.testng.SuiteRunner.privateRun(SuiteRunner.java:337)
at org.testng.SuiteRunner.run(SuiteRunner.java:286)
at org.testng.SuiteRunnerWorker.runSuite(SuiteRunnerWorker.java:53)
at org.testng.SuiteRunnerWorker.run(SuiteRunnerWorker.java:96)
at org.testng.TestNG.runSuitesSequentially(TestNG.java:1218)
at org.testng.TestNG.runSuitesLocally(TestNG.java:1140)
at org.testng.TestNG.runSuites(TestNG.java:1069)
at org.testng.TestNG.run(TestNG.java:1037)
at org.testng.remote.AbstractRemoteTestNG.run(AbstractRemoteTestNG.java:115)
at org.testng.remote.RemoteTestNG.initAndRun(RemoteTestNG.java:251)
at org.testng.remote.RemoteTestNG.main(RemoteTestNG.java:77)
]]>
            </full-stacktrace>
          </exception> <!-- org.openqa.selenium.NoSuchSessionException -->
          <reporter-output>
          </reporter-output>
        </test-method> <!-- browserClose -->
      </class> <!-- allConcepts.End2End.ValidateNavigatorDisplay -->
    </test> <!-- Navigation bar display check -->
    <test started-at="2020-10-30T16:18:01 IST" name="Title confirmation" finished-at="2020-10-30T16:18:28 IST" duration-ms="27008">
      <class name="allConcepts.End2End.ValidateTitle">
        <test-method is-config="true" signature="startTest()[pri:0, instance:allConcepts.End2End.ValidateTitle@29ca3d04]" started-at="2020-10-30T16:18:01 IST" name="startTest" finished-at="2020-10-30T16:18:25 IST" duration-ms="24099" status="PASS">
          <reporter-output>
          </reporter-output>
        </test-method> <!-- startTest -->
        <test-method signature="titleValidate()[pri:0, instance:allConcepts.End2End.ValidateTitle@29ca3d04]" started-at="2020-10-30T16:18:25 IST" name="titleValidate" finished-at="2020-10-30T16:18:26 IST" duration-ms="118" status="PASS">
          <reporter-output>
          </reporter-output>
        </test-method> <!-- titleValidate -->
        <test-method is-config="true" signature="browserClose()[pri:0, instance:allConcepts.End2End.ValidateTitle@29ca3d04]" started-at="2020-10-30T16:18:26 IST" name="browserClose" finished-at="2020-10-30T16:18:28 IST" duration-ms="2782" status="PASS">
          <reporter-output>
          </reporter-output>
        </test-method> <!-- browserClose -->
      </class> <!-- allConcepts.End2End.ValidateTitle -->
    </test> <!-- Title confirmation -->
  </suite> <!-- Suite -->
</testng-results>
